[debug] [2024-08-08T18:18:38.973Z] ----------------------------------------------------------------------
[debug] [2024-08-08T18:18:38.975Z] Command:       C:\Program Files\nodejs\node.exe C:\Users\Bharat Kumar Mishra\AppData\Roaming\npm\node_modules\firebase-tools\lib\bin\firebase.js init
[debug] [2024-08-08T18:18:38.975Z] CLI Version:   13.15.0
[debug] [2024-08-08T18:18:38.975Z] Platform:      win32
[debug] [2024-08-08T18:18:38.975Z] Node Version:  v18.17.0
[debug] [2024-08-08T18:18:38.976Z] Time:          Thu Aug 08 2024 23:48:38 GMT+0530 (India Standard Time)
[debug] [2024-08-08T18:18:38.976Z] ----------------------------------------------------------------------
[debug] 
[debug] [2024-08-08T18:18:38.982Z] > command requires scopes: ["email","openid","https://www.googleapis.com/auth/cloudplatformprojects.readonly","https://www.googleapis.com/auth/firebase","https://www.googleapis.com/auth/cloud-platform"]
[debug] [2024-08-08T18:18:38.983Z] > authorizing via signed-in user (mishrabharat05knp@gmail.com)
[info] 
     ######## #### ########  ######## ########     ###     ######  ########
     ##        ##  ##     ## ##       ##     ##  ##   ##  ##       ##
     ######    ##  ########  ######   ########  #########  ######  ######
     ##        ##  ##    ##  ##       ##     ## ##     ##       ## ##
     ##       #### ##     ## ######## ########  ##     ##  ######  ########

You're about to initialize a Firebase project in this directory:

  C:\Users\Bharat Kumar Mishra\OneDrive\Desktop\Hive-clone

[info] 
=== Project Setup
[info] 
[info] First, let's associate this project directory with a Firebase project.
[info] You can create multiple project aliases by running firebase use --add, 
[info] but for now we'll just set up a default project.
[info] 
[debug] [2024-08-08T18:18:46.108Z] >>> [apiv2][query] GET https://firebase.googleapis.com/v1beta1/projects pageSize=100
[debug] [2024-08-08T18:18:46.876Z] <<< [apiv2][status] GET https://firebase.googleapis.com/v1beta1/projects 200
[debug] [2024-08-08T18:18:46.876Z] <<< [apiv2][body] GET https://firebase.googleapis.com/v1beta1/projects [omitted]
[debug] [2024-08-08T18:19:03.645Z] ----------------------------------------------------------------------
[debug] [2024-08-08T18:19:03.647Z] Command:       C:\Program Files\nodejs\node.exe C:\Users\Bharat Kumar Mishra\AppData\Roaming\npm\node_modules\firebase-tools\lib\bin\firebase.js init
[debug] [2024-08-08T18:19:03.647Z] CLI Version:   13.15.0
[debug] [2024-08-08T18:19:03.647Z] Platform:      win32
[debug] [2024-08-08T18:19:03.647Z] Node Version:  v18.17.0
[debug] [2024-08-08T18:19:03.648Z] Time:          Thu Aug 08 2024 23:49:03 GMT+0530 (India Standard Time)
[debug] [2024-08-08T18:19:03.648Z] ----------------------------------------------------------------------
[debug] 
[debug] [2024-08-08T18:19:03.654Z] > command requires scopes: ["email","openid","https://www.googleapis.com/auth/cloudplatformprojects.readonly","https://www.googleapis.com/auth/firebase","https://www.googleapis.com/auth/cloud-platform"]
[debug] [2024-08-08T18:19:03.655Z] > authorizing via signed-in user (mishrabharat05knp@gmail.com)
[info] 
     ######## #### ########  ######## ########     ###     ######  ########
     ##        ##  ##     ## ##       ##     ##  ##   ##  ##       ##
     ######    ##  ########  ######   ########  #########  ######  ######
     ##        ##  ##    ##  ##       ##     ## ##     ##       ## ##
     ##       #### ##     ## ######## ########  ##     ##  ######  ########

You're about to initialize a Firebase project in this directory:

  C:\Users\Bharat Kumar Mishra\OneDrive\Desktop\Hive-clone

[info] 
=== Project Setup
[info] 
[info] First, let's associate this project directory with a Firebase project.
[info] You can create multiple project aliases by running firebase use --add, 
[info] but for now we'll just set up a default project.
[info] 
[info] i  If you want to create a project in a Google Cloud organization or folder, please use "firebase projects:create" instead, and return to this command when you've created the project. 
[debug] [2024-08-08T18:20:52.273Z] >>> [apiv2][query] POST https://cloudresourcemanager.googleapis.com/v1/projects [none]
[debug] [2024-08-08T18:20:52.274Z] >>> [apiv2][body] POST https://cloudresourcemanager.googleapis.com/v1/projects {"projectId":"Hive-Ticket-Booking-System","name":"Hive-Ticket-Booking-System"}
[debug] [2024-08-08T18:20:53.685Z] <<< [apiv2][status] POST https://cloudresourcemanager.googleapis.com/v1/projects 400
[debug] [2024-08-08T18:20:53.685Z] <<< [apiv2][body] POST https://cloudresourcemanager.googleapis.com/v1/projects {"error":{"code":400,"message":"field [project_id] has issue [project_id contains invalid characters]","status":"INVALID_ARGUMENT","details":[{"@type":"type.googleapis.com/google.rpc.BadRequest","fieldViolations":[{"field":"project_id","description":"project_id contains invalid characters"}]},{"@type":"type.googleapis.com/google.rpc.Help","links":[{"url":"https://cloud.google.com/resource-manager/reference/rest/v1/projects"}]}]}}
[debug] [2024-08-08T18:20:53.813Z] FirebaseError: HTTP Error: 400, field [project_id] has issue [project_id contains invalid characters]
    at responseToError (C:\Users\Bharat Kumar Mishra\AppData\Roaming\npm\node_modules\firebase-tools\lib\responseToError.js:49:12)
    at RetryOperation._fn (C:\Users\Bharat Kumar Mishra\AppData\Roaming\npm\node_modules\firebase-tools\lib\apiv2.js:305:77)
    at process.processTicksAndRejections (node:internal/process/task_queues:95:5)
[error] 
[error] Error: Failed to create project. See firebase-debug.log for more info.
[debug] [2024-08-08T18:21:49.407Z] ----------------------------------------------------------------------
[debug] [2024-08-08T18:21:49.408Z] Command:       C:\Program Files\nodejs\node.exe C:\Users\Bharat Kumar Mishra\AppData\Roaming\npm\node_modules\firebase-tools\lib\bin\firebase.js init
[debug] [2024-08-08T18:21:49.409Z] CLI Version:   13.15.0
[debug] [2024-08-08T18:21:49.409Z] Platform:      win32
[debug] [2024-08-08T18:21:49.409Z] Node Version:  v18.17.0
[debug] [2024-08-08T18:21:49.409Z] Time:          Thu Aug 08 2024 23:51:49 GMT+0530 (India Standard Time)
[debug] [2024-08-08T18:21:49.409Z] ----------------------------------------------------------------------
[debug] 
[debug] [2024-08-08T18:21:49.416Z] > command requires scopes: ["email","openid","https://www.googleapis.com/auth/cloudplatformprojects.readonly","https://www.googleapis.com/auth/firebase","https://www.googleapis.com/auth/cloud-platform"]
[debug] [2024-08-08T18:21:49.416Z] > authorizing via signed-in user (mishrabharat05knp@gmail.com)
[info] 
     ######## #### ########  ######## ########     ###     ######  ########
     ##        ##  ##     ## ##       ##     ##  ##   ##  ##       ##
     ######    ##  ########  ######   ########  #########  ######  ######
     ##        ##  ##    ##  ##       ##     ## ##     ##       ## ##
     ##       #### ##     ## ######## ########  ##     ##  ######  ########

You're about to initialize a Firebase project in this directory:

  C:\Users\Bharat Kumar Mishra\OneDrive\Desktop\Hive-clone

[info] 
=== Project Setup
[info] 
[info] First, let's associate this project directory with a Firebase project.
[info] You can create multiple project aliases by running firebase use --add, 
[info] but for now we'll just set up a default project.
[info] 
[info] i  If you want to create a project in a Google Cloud organization or folder, please use "firebase projects:create" instead, and return to this command when you've created the project. 
[debug] [2024-08-08T18:22:04.704Z] >>> [apiv2][query] POST https://cloudresourcemanager.googleapis.com/v1/projects [none]
[debug] [2024-08-08T18:22:04.704Z] >>> [apiv2][body] POST https://cloudresourcemanager.googleapis.com/v1/projects {"projectId":"hive-ticket-booking","name":"hive-ticket-booking"}
[debug] [2024-08-08T18:22:10.444Z] <<< [apiv2][status] POST https://cloudresourcemanager.googleapis.com/v1/projects 200
[debug] [2024-08-08T18:22:10.444Z] <<< [apiv2][body] POST https://cloudresourcemanager.googleapis.com/v1/projects {"name":"operations/cp.6458617034745888813"}
[debug] [2024-08-08T18:22:10.446Z] >>> [apiv2][query] GET https://cloudresourcemanager.googleapis.com/v1/operations/cp.6458617034745888813 [none]
[debug] [2024-08-08T18:22:12.033Z] <<< [apiv2][status] GET https://cloudresourcemanager.googleapis.com/v1/operations/cp.6458617034745888813 200
[debug] [2024-08-08T18:22:12.033Z] <<< [apiv2][body] GET https://cloudresourcemanager.googleapis.com/v1/operations/cp.6458617034745888813 {"name":"operations/cp.6458617034745888813"}
[debug] [2024-08-08T18:22:12.543Z] [Project Creation Poller] Retrying task index 0
[debug] [2024-08-08T18:22:12.543Z] >>> [apiv2][query] GET https://cloudresourcemanager.googleapis.com/v1/operations/cp.6458617034745888813 [none]
[debug] [2024-08-08T18:22:14.157Z] <<< [apiv2][status] GET https://cloudresourcemanager.googleapis.com/v1/operations/cp.6458617034745888813 200
[debug] [2024-08-08T18:22:14.157Z] <<< [apiv2][body] GET https://cloudresourcemanager.googleapis.com/v1/operations/cp.6458617034745888813 {"name":"operations/cp.6458617034745888813","metadata":{"@type":"type.googleapis.com/google.cloudresourcemanager.v1.ProjectCreationStatus","gettable":true,"ready":true},"done":true,"response":{"@type":"type.googleapis.com/google.cloudresourcemanager.v1.Project","projectNumber":"955960096424","projectId":"hive-ticket-booking","lifecycleState":"ACTIVE","name":"hive-ticket-booking","createTime":"2024-08-08T18:04:05.839239Z"}}
[debug] [2024-08-08T18:22:14.158Z] >>> [apiv2][query] POST https://firebase.googleapis.com/v1beta1/projects/hive-ticket-booking:addFirebase [none]
[debug] [2024-08-08T18:22:17.868Z] <<< [apiv2][status] POST https://firebase.googleapis.com/v1beta1/projects/hive-ticket-booking:addFirebase 200
[debug] [2024-08-08T18:22:17.868Z] <<< [apiv2][body] POST https://firebase.googleapis.com/v1beta1/projects/hive-ticket-booking:addFirebase {"name":"operations/workflows/YWQ4ZWEzZDEtYzQzOS00ZGUwLWJmNDctYzVhMWM3ZjIwY2Rk"}
[debug] [2024-08-08T18:22:17.868Z] >>> [apiv2][query] GET https://firebase.googleapis.com/v1beta1/operations/workflows/YWQ4ZWEzZDEtYzQzOS00ZGUwLWJmNDctYzVhMWM3ZjIwY2Rk [none]
[debug] [2024-08-08T18:22:19.202Z] <<< [apiv2][status] GET https://firebase.googleapis.com/v1beta1/operations/workflows/YWQ4ZWEzZDEtYzQzOS00ZGUwLWJmNDctYzVhMWM3ZjIwY2Rk 200
[debug] [2024-08-08T18:22:19.202Z] <<< [apiv2][body] GET https://firebase.googleapis.com/v1beta1/operations/workflows/YWQ4ZWEzZDEtYzQzOS00ZGUwLWJmNDctYzVhMWM3ZjIwY2Rk {"name":"operations/workflows/YWQ4ZWEzZDEtYzQzOS00ZGUwLWJmNDctYzVhMWM3ZjIwY2Rk"}
[debug] [2024-08-08T18:22:19.705Z] [Add Firebase Poller] Retrying task index 0
[debug] [2024-08-08T18:22:19.705Z] >>> [apiv2][query] GET https://firebase.googleapis.com/v1beta1/operations/workflows/YWQ4ZWEzZDEtYzQzOS00ZGUwLWJmNDctYzVhMWM3ZjIwY2Rk [none]
[debug] [2024-08-08T18:22:20.736Z] <<< [apiv2][status] GET https://firebase.googleapis.com/v1beta1/operations/workflows/YWQ4ZWEzZDEtYzQzOS00ZGUwLWJmNDctYzVhMWM3ZjIwY2Rk 200
[debug] [2024-08-08T18:22:20.736Z] <<< [apiv2][body] GET https://firebase.googleapis.com/v1beta1/operations/workflows/YWQ4ZWEzZDEtYzQzOS00ZGUwLWJmNDctYzVhMWM3ZjIwY2Rk {"name":"operations/workflows/YWQ4ZWEzZDEtYzQzOS00ZGUwLWJmNDctYzVhMWM3ZjIwY2Rk"}
[debug] [2024-08-08T18:22:21.742Z] [Add Firebase Poller] Retrying task index 0
[debug] [2024-08-08T18:22:21.742Z] >>> [apiv2][query] GET https://firebase.googleapis.com/v1beta1/operations/workflows/YWQ4ZWEzZDEtYzQzOS00ZGUwLWJmNDctYzVhMWM3ZjIwY2Rk [none]
[debug] [2024-08-08T18:22:23.029Z] <<< [apiv2][status] GET https://firebase.googleapis.com/v1beta1/operations/workflows/YWQ4ZWEzZDEtYzQzOS00ZGUwLWJmNDctYzVhMWM3ZjIwY2Rk 200
[debug] [2024-08-08T18:22:23.029Z] <<< [apiv2][body] GET https://firebase.googleapis.com/v1beta1/operations/workflows/YWQ4ZWEzZDEtYzQzOS00ZGUwLWJmNDctYzVhMWM3ZjIwY2Rk {"name":"operations/workflows/YWQ4ZWEzZDEtYzQzOS00ZGUwLWJmNDctYzVhMWM3ZjIwY2Rk"}
[debug] [2024-08-08T18:22:25.029Z] [Add Firebase Poller] Retrying task index 0
[debug] [2024-08-08T18:22:25.030Z] >>> [apiv2][query] GET https://firebase.googleapis.com/v1beta1/operations/workflows/YWQ4ZWEzZDEtYzQzOS00ZGUwLWJmNDctYzVhMWM3ZjIwY2Rk [none]
[debug] [2024-08-08T18:22:26.084Z] <<< [apiv2][status] GET https://firebase.googleapis.com/v1beta1/operations/workflows/YWQ4ZWEzZDEtYzQzOS00ZGUwLWJmNDctYzVhMWM3ZjIwY2Rk 200
[debug] [2024-08-08T18:22:26.084Z] <<< [apiv2][body] GET https://firebase.googleapis.com/v1beta1/operations/workflows/YWQ4ZWEzZDEtYzQzOS00ZGUwLWJmNDctYzVhMWM3ZjIwY2Rk {"name":"operations/workflows/YWQ4ZWEzZDEtYzQzOS00ZGUwLWJmNDctYzVhMWM3ZjIwY2Rk"}
[debug] [2024-08-08T18:22:30.094Z] [Add Firebase Poller] Retrying task index 0
[debug] [2024-08-08T18:22:30.094Z] >>> [apiv2][query] GET https://firebase.googleapis.com/v1beta1/operations/workflows/YWQ4ZWEzZDEtYzQzOS00ZGUwLWJmNDctYzVhMWM3ZjIwY2Rk [none]
[debug] [2024-08-08T18:22:30.694Z] <<< [apiv2][status] GET https://firebase.googleapis.com/v1beta1/operations/workflows/YWQ4ZWEzZDEtYzQzOS00ZGUwLWJmNDctYzVhMWM3ZjIwY2Rk 200
[debug] [2024-08-08T18:22:30.694Z] <<< [apiv2][body] GET https://firebase.googleapis.com/v1beta1/operations/workflows/YWQ4ZWEzZDEtYzQzOS00ZGUwLWJmNDctYzVhMWM3ZjIwY2Rk {"name":"operations/workflows/YWQ4ZWEzZDEtYzQzOS00ZGUwLWJmNDctYzVhMWM3ZjIwY2Rk","done":true,"response":{"@type":"type.googleapis.com/google.firebase.service.v1beta1.FirebaseProject","projectId":"hive-ticket-booking","projectNumber":"955960096424","displayName":"hive-ticket-booking","name":"projects/hive-ticket-booking","resources":{"hostingSite":"hive-ticket-booking"}}}
[info] 
[info] === Your Firebase project is ready! ===
[info] 
[info] Project information:
[info]    - Project ID: hive-ticket-booking
[info]    - Project Name: hive-ticket-booking
[info] 
[info] Firebase console is available at
[info] https://console.firebase.google.com/project/hive-ticket-booking/overview
[info] i  Using project hive-ticket-booking (hive-ticket-booking) 
[info] 
=== Hosting Setup
[debug] [2024-08-08T18:22:30.710Z] >>> [apiv2][query] GET https://firebase.googleapis.com/v1beta1/projects/hive-ticket-booking [none]
[debug] [2024-08-08T18:22:31.660Z] <<< [apiv2][status] GET https://firebase.googleapis.com/v1beta1/projects/hive-ticket-booking 200
[debug] [2024-08-08T18:22:31.660Z] <<< [apiv2][body] GET https://firebase.googleapis.com/v1beta1/projects/hive-ticket-booking {"projectId":"hive-ticket-booking","projectNumber":"955960096424","displayName":"hive-ticket-booking","name":"projects/hive-ticket-booking","resources":{"hostingSite":"hive-ticket-booking"},"state":"ACTIVE","etag":"1_63d3d2bf-c7da-4826-9e55-e6a3db0d490d"}
[info] 
[info] Your public directory is the folder (relative to your project directory) that
[info] will contain Hosting assets to be uploaded with firebase deploy. If you
[info] have a build process for your assets, use your build's output directory.
[info] 
